2023-04-06 12:54:13.802 [info] Log level: Info
2023-04-06 12:54:13.802 [info] Validating found git in: "git"
2023-04-06 12:54:13.802 [info] Using git "2.30.2" from "git"
2023-04-06 12:55:50.603 [info] > git rev-parse --show-toplevel [3ms]
2023-04-06 12:55:50.603 [info] fatal: not a git repository (or any of the parent directories): .git
2023-04-06 13:33:00.611 [info] > git rev-parse --show-toplevel [3ms]
2023-04-06 15:17:12.564 [info] > git rev-parse --show-toplevel [10ms]
2023-04-06 15:32:28.288 [info] > git rev-parse --show-toplevel [3ms]
2023-04-06 15:32:55.570 [info] > git rev-parse --show-toplevel [3ms]
2023-04-06 15:37:50.107 [info] > git rev-parse --show-toplevel [8ms]
2023-04-06 16:27:04.624 [info] Log level: Info
2023-04-06 16:27:04.624 [info] Validating found git in: "git"
2023-04-06 16:27:04.624 [info] Using git "2.30.2" from "git"
2023-04-06 16:27:04.634 [info] > git rev-parse --show-toplevel [20ms]
2023-04-06 16:27:04.634 [info] fatal: not a git repository (or any of the parent directories): .git
2023-04-06 16:27:04.669 [info] > git rev-parse --show-toplevel [1ms]
2023-04-06 16:27:04.669 [info] fatal: not a git repository (or any of the parent directories): .git
2023-04-06 16:27:04.696 [info] > git rev-parse --show-toplevel [7ms]
2023-04-06 16:27:04.696 [info] fatal: not a git repository (or any of the parent directories): .git
2023-04-06 16:27:04.705 [info] > git rev-parse --show-toplevel [4ms]
2023-04-06 16:27:04.705 [info] fatal: not a git repository (or any of the parent directories): .git
2023-04-06 16:27:04.726 [info] > git rev-parse --show-toplevel [1ms]
2023-04-06 16:27:04.726 [info] fatal: not a git repository (or any of the parent directories): .git
2023-04-06 16:27:11.601 [info] > git rev-parse --show-toplevel [14ms]
2023-04-06 16:27:11.601 [info] fatal: not a git repository (or any of the parent directories): .git
2023-04-06 16:28:44.091 [info] > git rev-parse --show-toplevel [175ms]
2023-04-06 16:28:44.091 [info] fatal: not a git repository (or any of the parent directories): .git
2023-04-06 16:28:44.192 [info] > git rev-parse --show-toplevel [4ms]
2023-04-06 16:28:44.192 [info] fatal: not a git repository (or any of the parent directories): .git
2023-04-06 16:29:03.725 [info] > git rev-parse --show-toplevel [18ms]
2023-04-06 16:29:03.725 [info] fatal: not a git repository (or any of the parent directories): .git
2023-04-06 16:29:41.357 [info] > git rev-parse --show-toplevel [5ms]
2023-04-06 16:29:41.357 [info] fatal: not a git repository (or any of the parent directories): .git
2023-04-06 16:30:18.076 [info] > git rev-parse --show-toplevel [3ms]
2023-04-06 16:30:18.076 [info] fatal: not a git repository (or any of the parent directories): .git
2023-04-06 16:30:30.067 [info] > git rev-parse --show-toplevel [4ms]
2023-04-06 16:30:30.067 [info] fatal: not a git repository (or any of the parent directories): .git
2023-04-06 16:30:38.989 [info] > git rev-parse --show-toplevel [2ms]
2023-04-06 16:30:38.989 [info] fatal: not a git repository (or any of the parent directories): .git
2023-04-06 16:30:55.418 [info] > git rev-parse --show-toplevel [4ms]
2023-04-06 16:30:55.418 [info] fatal: not a git repository (or any of the parent directories): .git
2023-04-06 16:31:35.341 [info] > git rev-parse --show-toplevel [2ms]
2023-04-06 16:31:35.341 [info] fatal: not a git repository (or any of the parent directories): .git
2023-04-06 16:31:53.737 [info] > git rev-parse --show-toplevel [3ms]
2023-04-06 16:31:53.737 [info] fatal: not a git repository (or any of the parent directories): .git
2023-04-06 16:32:26.486 [info] > git rev-parse --show-toplevel [12ms]
2023-04-06 16:32:26.486 [info] fatal: not a git repository (or any of the parent directories): .git
2023-04-06 16:32:43.484 [info] > git rev-parse --show-toplevel [3ms]
2023-04-06 16:32:43.485 [info] fatal: not a git repository (or any of the parent directories): .git
2023-04-06 16:33:03.818 [info] > git rev-parse --show-toplevel [3ms]
2023-04-06 16:33:03.819 [info] fatal: not a git repository (or any of the parent directories): .git
2023-04-06 16:33:12.463 [info] > git rev-parse --show-toplevel [3ms]
2023-04-06 16:33:12.463 [info] fatal: not a git repository (or any of the parent directories): .git
2023-04-06 16:33:25.097 [info] > git rev-parse --show-toplevel [3ms]
2023-04-06 16:33:25.097 [info] fatal: not a git repository (or any of the parent directories): .git
2023-04-06 16:33:27.277 [info] > git rev-parse --show-toplevel [15ms]
2023-04-06 16:33:27.278 [info] fatal: not a git repository (or any of the parent directories): .git
2023-04-06 16:33:50.592 [info] > git rev-parse --show-toplevel [15ms]
2023-04-06 16:33:50.592 [info] fatal: not a git repository (or any of the parent directories): .git
2023-04-06 16:33:56.417 [info] > git rev-parse --show-toplevel [6ms]
2023-04-06 16:33:56.417 [info] fatal: not a git repository (or any of the parent directories): .git
2023-04-06 16:34:29.883 [info] > git rev-parse --show-toplevel [7ms]
2023-04-06 16:34:29.883 [info] fatal: not a git repository (or any of the parent directories): .git
2023-04-06 16:34:30.411 [info] > git rev-parse --show-toplevel [2ms]
2023-04-06 16:34:30.411 [info] fatal: not a git repository (or any of the parent directories): .git
2023-04-06 16:34:35.313 [info] > git rev-parse --show-toplevel [5ms]
2023-04-06 16:34:35.313 [info] fatal: not a git repository (or any of the parent directories): .git
2023-04-06 16:34:37.504 [info] > git rev-parse --show-toplevel [3ms]
2023-04-06 16:34:37.504 [info] fatal: not a git repository (or any of the parent directories): .git
2023-04-06 16:36:03.721 [info] > git rev-parse --show-toplevel [9ms]
2023-04-06 16:36:03.721 [info] fatal: not a git repository (or any of the parent directories): .git
2023-04-06 16:36:05.077 [info] > git rev-parse --show-toplevel [2ms]
2023-04-06 16:36:05.077 [info] fatal: not a git repository (or any of the parent directories): .git
2023-04-06 16:36:07.614 [info] > git rev-parse --show-toplevel [2ms]
2023-04-06 16:36:07.614 [info] fatal: not a git repository (or any of the parent directories): .git
2023-04-06 16:36:09.336 [info] > git rev-parse --show-toplevel [2ms]
2023-04-06 16:36:09.336 [info] fatal: not a git repository (or any of the parent directories): .git
2023-04-06 16:36:10.973 [info] > git rev-parse --show-toplevel [3ms]
2023-04-06 16:36:10.973 [info] fatal: not a git repository (or any of the parent directories): .git
2023-04-06 16:36:11.871 [info] > git rev-parse --show-toplevel [6ms]
2023-04-06 16:36:11.871 [info] fatal: not a git repository (or any of the parent directories): .git
2023-04-06 16:36:19.312 [info] > git rev-parse --show-toplevel [3ms]
2023-04-06 16:36:19.312 [info] fatal: not a git repository (or any of the parent directories): .git
2023-04-06 16:36:24.004 [info] > git rev-parse --show-toplevel [6ms]
2023-04-06 16:36:24.004 [info] fatal: not a git repository (or any of the parent directories): .git
2023-04-06 16:36:25.780 [info] > git rev-parse --show-toplevel [3ms]
2023-04-06 16:36:25.780 [info] fatal: not a git repository (or any of the parent directories): .git
2023-04-06 16:36:26.986 [info] > git rev-parse --show-toplevel [15ms]
2023-04-06 16:36:26.986 [info] fatal: not a git repository (or any of the parent directories): .git
2023-04-06 16:36:33.056 [info] > git rev-parse --show-toplevel [3ms]
2023-04-06 16:36:33.056 [info] fatal: not a git repository (or any of the parent directories): .git
2023-04-06 16:36:37.371 [info] > git rev-parse --show-toplevel [15ms]
2023-04-06 16:36:37.371 [info] fatal: not a git repository (or any of the parent directories): .git
2023-04-06 16:36:38.882 [info] > git rev-parse --show-toplevel [4ms]
2023-04-06 16:36:38.882 [info] fatal: not a git repository (or any of the parent directories): .git
2023-04-06 16:36:40.457 [info] > git rev-parse --show-toplevel [2ms]
2023-04-06 16:36:40.457 [info] fatal: not a git repository (or any of the parent directories): .git
2023-04-06 16:36:41.602 [info] > git rev-parse --show-toplevel [3ms]
2023-04-06 16:36:41.602 [info] fatal: not a git repository (or any of the parent directories): .git
2023-04-06 16:36:42.569 [info] > git rev-parse --show-toplevel [3ms]
2023-04-06 16:36:42.569 [info] fatal: not a git repository (or any of the parent directories): .git
2023-04-06 16:37:33.150 [info] > git rev-parse --show-toplevel [2ms]
2023-04-06 16:37:33.150 [info] fatal: not a git repository (or any of the parent directories): .git
2023-04-06 16:37:47.515 [info] > git rev-parse --show-toplevel [2ms]
2023-04-06 16:37:47.515 [info] fatal: not a git repository (or any of the parent directories): .git
2023-04-06 16:38:00.276 [info] > git rev-parse --show-toplevel [4ms]
2023-04-06 16:38:00.289 [info] fatal: not a git repository (or any of the parent directories): .git
2023-04-06 16:38:22.293 [info] > git rev-parse --show-toplevel [3ms]
2023-04-06 16:38:22.293 [info] fatal: not a git repository (or any of the parent directories): .git
2023-04-06 16:38:24.690 [info] > git rev-parse --show-toplevel [4ms]
2023-04-06 16:38:24.690 [info] fatal: not a git repository (or any of the parent directories): .git
2023-04-06 16:39:50.105 [info] > git rev-parse --show-toplevel [3ms]
2023-04-06 16:39:50.105 [info] fatal: not a git repository (or any of the parent directories): .git
2023-04-06 16:40:00.296 [info] > git rev-parse --show-toplevel [2ms]
2023-04-06 16:40:00.296 [info] fatal: not a git repository (or any of the parent directories): .git
2023-04-06 16:40:16.212 [info] > git rev-parse --show-toplevel [3ms]
2023-04-06 16:40:16.212 [info] fatal: not a git repository (or any of the parent directories): .git
