2023-04-06 16:40:46.958 [info] Reading sessions from secret storage...
2023-04-06 16:40:46.958 [info] Got 0 stored sessions
2023-04-06 16:40:46.958 [info] Getting sessions for all scopes...
2023-04-06 16:40:46.958 [info] Got 0 sessions for all scopes...
2023-04-06 16:40:46.958 [info] Getting sessions for the following scopes: email offline_access openid profile
2023-04-06 16:40:46.958 [info] Got 0 sessions for scopes: email offline_access openid profile
2023-04-06 17:37:42.930 [info] Reading sessions from secret storage...
2023-04-06 17:37:42.930 [info] Got 0 stored sessions
2023-04-06 17:37:42.930 [info] Getting sessions for all scopes...
2023-04-06 17:37:42.930 [info] Got 0 sessions for all scopes...
2023-04-06 17:37:42.930 [info] Getting sessions for the following scopes: email offline_access openid profile
2023-04-06 17:37:42.930 [info] Got 0 sessions for scopes: email offline_access openid profile
2023-04-06 17:38:14.623 [info] Reading sessions from secret storage...
2023-04-06 17:38:14.623 [info] Got 0 stored sessions
2023-04-06 17:38:14.696 [info] Getting sessions for all scopes...
2023-04-06 17:38:14.696 [info] Got 0 sessions for all scopes...
2023-04-06 17:38:14.742 [info] Getting sessions for the following scopes: email offline_access openid profile
2023-04-06 17:38:14.742 [info] Got 0 sessions for scopes: email offline_access openid profile
2023-04-06 18:39:20.466 [info] Reading sessions from secret storage...
2023-04-06 18:39:20.466 [info] Got 0 stored sessions
2023-04-06 18:39:20.659 [info] Getting sessions for all scopes...
2023-04-06 18:39:20.659 [info] Got 0 sessions for all scopes...
2023-04-06 18:39:20.906 [info] Getting sessions for the following scopes: email offline_access openid profile
2023-04-06 18:39:20.906 [info] Got 0 sessions for scopes: email offline_access openid profile
