Visual Studio Code (1.77.1, undefined, desktop)
Jupyter Extension Version: 2023.3.1000892223.
Python Extension Version: 2023.6.0.
No workspace folder opened.
info 13:08:59.812: ZMQ loaded via fallback mechanism.
info 13:09:00.275: LSP Notebooks experiment is enabled
info 13:09:00.339: Process Execution: > jupyter notebook --version
> jupyter notebook --version
info 13:09:00.347: Process Execution: > jupyter lab --version
> jupyter lab --version
warn 13:09:01.613: Failed to get activated env vars for /bin/python3 in 145ms
info 13:09:01.626: Process Execution: > /bin/python3 -c "import site;print("USER_BASE_VALUE");print(site.USER_BASE);print("USER_BASE_VALUE");"
> /bin/python3 -c "import site;print("USER_BASE_VALUE");print(site.USER_BASE);print("USER_BASE_VALUE");"
info 13:09:01.675: Process Execution: > /bin/python3 -m pip list
> /bin/python3 -m pip list
info 13:20:29.056: Ending debug session 5a05660c-db69-468a-99e2-08353b4b130e
info 13:20:29.056: Ending debug session 5a05660c-db69-468a-99e2-08353b4b130e
info 13:20:33.495: Ending debug session 78a69545-5141-4d74-950d-93d22af9887d
info 13:20:33.495: Ending debug session 78a69545-5141-4d74-950d-93d22af9887d
info 13:20:46.549: Ending debug session 0dd66f03-735f-4cc7-bc76-02aa863795ae
info 13:20:46.549: Ending debug session 0dd66f03-735f-4cc7-bc76-02aa863795ae
info 16:26:59.119: Shutting down notebooks for cc8f35d2-1b65-431a-8021-dc4e8565f034
info 16:26:59.119: Disposing HostJupyterExecution 27758c59-7197-47ca-a1e2-b76e8beb3ef5
info 16:26:59.120: Disposing HostJupyterExecution 27758c59-7197-47ca-a1e2-b76e8beb3ef5
