2023-04-06 16:40:40.843 [info] [SharedProcess] using utility process
2023-04-06 16:40:40.979 [info] update#setState idle
2023-04-06 16:40:42.531 [info] [UtilityProcess type: shared-process, pid: <none>]: creating new...
2023-04-06 16:40:42.546 [info] [UtilityProcess id: 1, type: fileWatcher, pid: <none>]: creating new...
2023-04-06 16:40:42.565 [info] [UtilityProcess type: shared-process, pid: 15047]: successfully created
2023-04-06 16:40:42.566 [info] [UtilityProcess id: 1, type: fileWatcher, pid: 15048]: successfully created
2023-04-06 16:40:42.795 [info] [UtilityProcess id: 1, type: extensionHost, pid: <none>]: creating new...
2023-04-06 16:40:42.827 [info] [UtilityProcess id: 1, type: extensionHost, pid: 15078]: successfully created
2023-04-06 16:41:10.974 [info] update#setState checking for updates
2023-04-06 16:41:11.029 [info] update#setState idle
2023-04-06 17:37:39.595 [info] [UtilityProcess id: 1, type: fileWatcher, pid: 15048]: attempting to kill the process...
2023-04-06 17:37:39.602 [info] [UtilityProcess id: 1, type: fileWatcher, pid: 15048]: successfully killed the process
2023-04-06 17:37:39.626 [info] [UtilityProcess id: 1, type: fileWatcher, pid: 15048]: received exit event with code 15
2023-04-06 17:37:39.626 [error] [UtilityProcessWorker]: terminated unexpectedly with code 15, signal: unknown
2023-04-06 17:37:39.628 [error] [UtilityProcess id: 1, type: fileWatcher, pid: 15048]: crashed with code 15 and reason 'killed'
2023-04-06 17:37:39.638 [info] [UtilityProcess id: 1, type: extensionHost, pid: 15078]: received exit event with code 0
2023-04-06 17:37:39.638 [info] Extension host with pid 15078 exited with code: 0, signal: unknown.
2023-04-06 17:37:40.983 [info] [UtilityProcess id: 1, type: fileWatcher, pid: <none>]: creating new...
2023-04-06 17:37:40.995 [info] [UtilityProcess id: 1, type: fileWatcher, pid: 20631]: successfully created
2023-04-06 17:37:41.150 [info] [UtilityProcess id: 2, type: extensionHost, pid: <none>]: creating new...
2023-04-06 17:37:41.163 [info] [UtilityProcess id: 2, type: extensionHost, pid: 20643]: successfully created
2023-04-06 17:38:13.635 [info] [UtilityProcess id: 3, type: extensionHost, pid: <none>]: creating new...
2023-04-06 17:38:13.659 [info] [UtilityProcess id: 3, type: extensionHost, pid: 20717]: successfully created
2023-04-06 17:38:13.743 [info] [UtilityProcess id: 2, type: extensionHost, pid: 20643]: received exit event with code 0
2023-04-06 17:38:13.743 [info] Extension host with pid 20643 exited with code: 0, signal: unknown.
2023-04-06 17:41:10.981 [info] update#setState checking for updates
2023-04-06 17:41:11.121 [info] update#setState idle
2023-04-06 18:39:18.386 [info] [UtilityProcess id: 3, type: extensionHost, pid: 20717]: received exit event with code 0
2023-04-06 18:39:18.386 [info] Extension host with pid 20717 exited with code: 0, signal: unknown.
2023-04-06 18:39:18.472 [info] [UtilityProcess id: 4, type: extensionHost, pid: <none>]: creating new...
2023-04-06 18:39:18.487 [info] [UtilityProcess id: 4, type: extensionHost, pid: 24919]: successfully created
2023-04-06 18:41:11.014 [info] update#setState checking for updates
2023-04-06 18:41:11.167 [info] update#setState idle
2023-04-06 19:41:11.052 [info] update#setState checking for updates
2023-04-06 19:41:11.198 [info] update#setState idle
