2023-04-06 16:40:42.310 [info] Added views:workbench.panel.markers.view in workbench.panel.markers
2023-04-06 16:40:42.310 [info] Added views:workbench.panel.output in workbench.panel.output
2023-04-06 16:40:42.310 [info] Added views:terminal in terminal
2023-04-06 16:40:42.310 [info] Added views:outline in workbench.view.explorer
2023-04-06 16:40:42.310 [info] Added views:workbench.scm in workbench.view.scm
2023-04-06 16:40:42.310 [info] Added views:workbench.view.search in workbench.view.search
2023-04-06 16:40:42.310 [info] Added views:timeline in workbench.view.explorer
2023-04-06 16:40:42.310 [info] Added views:workbench.explorer.fileView in workbench.view.explorer
2023-04-06 16:40:42.571 [info] Added views:workbench.debug.welcome in workbench.view.debug
2023-04-06 16:40:44.110 [info] Added views:workbench.panel.repl.view in workbench.panel.repl
2023-04-06 16:40:45.635 [info] Added views:workbench.view.testing in workbench.view.extension.test
2023-04-06 17:37:39.573 [info] Removed views:workbench.view.testing from workbench.view.extension.test
2023-04-06 17:37:40.996 [info] Added views:workbench.panel.markers.view in workbench.panel.markers
2023-04-06 17:37:40.996 [info] Added views:workbench.panel.output in workbench.panel.output
2023-04-06 17:37:40.996 [info] Added views:terminal in terminal
2023-04-06 17:37:40.996 [info] Added views:outline in workbench.view.explorer
2023-04-06 17:37:40.996 [info] Added views:workbench.scm in workbench.view.scm
2023-04-06 17:37:40.996 [info] Added views:workbench.view.search in workbench.view.search
2023-04-06 17:37:40.996 [info] Added views:timeline in workbench.view.explorer
2023-04-06 17:37:40.996 [info] Added views:workbench.explorer.fileView in workbench.view.explorer
2023-04-06 17:37:41.947 [info] Added views:workbench.debug.variablesView,workbench.debug.watchExpressionsView,workbench.debug.callStackView,workbench.debug.breakPointsView in workbench.view.debug
2023-04-06 17:37:42.059 [info] Added views:workbench.panel.repl.view in workbench.panel.repl
2023-04-06 17:37:42.060 [info] Removed views:workbench.debug.breakPointsView,workbench.debug.callStackView,workbench.debug.watchExpressionsView,workbench.debug.variablesView from workbench.view.debug
2023-04-06 17:37:42.061 [info] Added views:workbench.debug.welcome in workbench.view.debug
2023-04-06 17:38:13.477 [info] Added views:workbench.view.testing in workbench.view.extension.test
2023-04-06 17:38:13.542 [info] Removed views:workbench.view.testing from workbench.view.extension.test
2023-04-06 17:38:14.110 [info] Removed views:workbench.panel.repl.view from workbench.panel.repl
2023-04-06 17:38:14.332 [info] Added views:workbench.panel.repl.view in workbench.panel.repl
2023-04-06 17:38:14.677 [info] Added views:workbench.view.testing in workbench.view.extension.test
2023-04-06 18:39:18.317 [info] Removed views:workbench.view.testing from workbench.view.extension.test
2023-04-06 18:39:19.079 [info] Removed views:workbench.panel.repl.view from workbench.panel.repl
2023-04-06 18:39:19.438 [info] Added views:workbench.panel.repl.view in workbench.panel.repl
2023-04-06 18:39:20.542 [info] Added views:workbench.view.testing in workbench.view.extension.test
