2023-04-06 16:40:46.831 [info] Reading sessions from keychain...
2023-04-06 16:40:46.831 [info] Getting sessions for all scopes...
2023-04-06 16:40:46.831 [info] Getting sessions for user:email...
2023-04-06 16:40:46.831 [info] Getting sessions for all scopes...
2023-04-06 16:40:46.831 [info] Got 0 sessions for ...
2023-04-06 16:40:46.831 [info] Got 0 sessions for user:email...
2023-04-06 16:40:46.831 [info] Got 0 sessions for ...
2023-04-06 16:40:46.831 [info] Getting sessions for all scopes...
2023-04-06 16:40:46.831 [info] Got 0 sessions for ...
2023-04-06 17:37:42.865 [info] Reading sessions from keychain...
2023-04-06 17:37:42.865 [info] Getting sessions for all scopes...
2023-04-06 17:37:42.865 [info] Getting sessions for user:email...
2023-04-06 17:37:42.865 [info] Got 0 sessions for ...
2023-04-06 17:37:42.865 [info] Got 0 sessions for user:email...
2023-04-06 17:37:42.866 [info] Getting sessions for all scopes...
2023-04-06 17:37:42.866 [info] Got 0 sessions for ...
2023-04-06 17:37:42.922 [info] Getting sessions for all scopes...
2023-04-06 17:37:42.922 [info] Got 0 sessions for ...
2023-04-06 17:38:14.675 [info] Reading sessions from keychain...
2023-04-06 17:38:14.675 [info] Getting sessions for all scopes...
2023-04-06 17:38:14.675 [info] Getting sessions for user:email...
2023-04-06 17:38:14.675 [info] Getting sessions for all scopes...
2023-04-06 17:38:14.675 [info] Got 0 sessions for ...
2023-04-06 17:38:14.675 [info] Got 0 sessions for user:email...
2023-04-06 17:38:14.675 [info] Got 0 sessions for ...
2023-04-06 17:38:14.697 [info] Getting sessions for user:email...
2023-04-06 17:38:14.697 [info] Got 0 sessions for user:email...
2023-04-06 17:38:14.698 [info] Getting sessions for all scopes...
2023-04-06 17:38:14.698 [info] Got 0 sessions for ...
2023-04-06 18:39:20.670 [info] Reading sessions from keychain...
2023-04-06 18:39:20.670 [info] Getting sessions for all scopes...
2023-04-06 18:39:20.670 [info] Getting sessions for user:email...
2023-04-06 18:39:20.670 [info] Got 0 sessions for ...
2023-04-06 18:39:20.670 [info] Got 0 sessions for user:email...
2023-04-06 18:39:20.670 [info] Getting sessions for all scopes...
2023-04-06 18:39:20.670 [info] Got 0 sessions for ...
2023-04-06 18:39:20.670 [info] Getting sessions for user:email...
2023-04-06 18:39:20.670 [info] Got 0 sessions for user:email...
2023-04-06 18:39:20.670 [info] Getting sessions for all scopes...
2023-04-06 18:39:20.670 [info] Got 0 sessions for ...
