2023-04-06 12:54:12.753 [info] Started initializing default profile extensions in extensions installation folder. file:///home/clmits/.vscode/extensions
2023-04-06 12:54:13.492 [warning] Failed to create default profile extensions manifest in extensions installation folder. file:///home/clmits/.vscode/extensions Unable to create file 'vscode-userdata:/home/clmits/.vscode/extensions/extensions.json' that already exists when overwrite flag is not set
2023-04-06 12:54:13.492 [info] Completed initializing default profile extensions in extensions installation folder. file:///home/clmits/.vscode/extensions
2023-04-06 12:54:44.886 [info] Getting Manifest... ms-python.python
2023-04-06 12:54:44.904 [info] Installing extension: ms-python.python
2023-04-06 12:54:45.887 [info] Getting Manifest... ms-toolsai.jupyter
2023-04-06 12:54:46.250 [info] Getting Manifest... ms-toolsai.jupyter-keymap
2023-04-06 12:54:46.370 [info] Getting Manifest... ms-toolsai.jupyter-renderers
2023-04-06 12:54:46.510 [info] Getting Manifest... ms-toolsai.vscode-jupyter-cell-tags
2023-04-06 12:54:46.647 [info] Getting Manifest... ms-toolsai.vscode-jupyter-slideshow
2023-04-06 12:54:46.779 [info] Getting Manifest... ms-python.vscode-pylance
2023-04-06 12:54:47.131 [info] Installing extension: ms-toolsai.jupyter ms-python.python
2023-04-06 12:54:47.131 [info] Installing extension: ms-toolsai.jupyter-keymap ms-python.python
2023-04-06 12:54:47.131 [info] Installing extension: ms-toolsai.jupyter-renderers ms-python.python
2023-04-06 12:54:47.132 [info] Installing extension: ms-toolsai.vscode-jupyter-cell-tags ms-python.python
2023-04-06 12:54:47.132 [info] Installing extension: ms-toolsai.vscode-jupyter-slideshow ms-python.python
2023-04-06 12:54:47.132 [info] Installing extension: ms-python.vscode-pylance ms-python.python
2023-04-06 12:54:51.633 [info] Extension signature is verified: ms-toolsai.vscode-jupyter-cell-tags
2023-04-06 12:54:51.702 [info] Extension signature is verified: ms-toolsai.jupyter-keymap
2023-04-06 12:54:51.826 [info] Extracted extension to /home/clmits/.vscode/extensions/.3a2f9981-d8e2-4f94-bb7f-29cf96c16c37: ms-toolsai.jupyter-keymap
2023-04-06 12:54:51.865 [info] Renamed to /home/clmits/.vscode/extensions/ms-toolsai.jupyter-keymap-1.1.0
2023-04-06 12:54:51.884 [info] Extracting extension completed. ms-toolsai.jupyter-keymap
2023-04-06 12:54:51.936 [info] Extracted extension to /home/clmits/.vscode/extensions/.9933c28d-b438-4fa3-8ec0-d8a2406c71b2: ms-toolsai.vscode-jupyter-cell-tags
2023-04-06 12:54:51.953 [info] Renamed to /home/clmits/.vscode/extensions/ms-toolsai.vscode-jupyter-cell-tags-0.1.8
2023-04-06 12:54:51.961 [info] Extracting extension completed. ms-toolsai.vscode-jupyter-cell-tags
2023-04-06 12:54:52.003 [info] Extension signature is verified: ms-toolsai.jupyter-renderers
2023-04-06 12:54:52.622 [info] Extension signature is verified: ms-toolsai.jupyter
2023-04-06 12:54:53.466 [info] Extracted extension to /home/clmits/.vscode/extensions/.a63a9196-1209-4bf4-bfad-64bbd0e7646f: ms-toolsai.jupyter-renderers
2023-04-06 12:54:53.485 [info] Renamed to /home/clmits/.vscode/extensions/ms-toolsai.jupyter-renderers-1.0.15
2023-04-06 12:54:53.491 [info] Extracting extension completed. ms-toolsai.jupyter-renderers
2023-04-06 12:54:54.784 [info] Extracted extension to /home/clmits/.vscode/extensions/.41f49c58-edeb-4141-a54a-be8430d38236: ms-toolsai.jupyter
2023-04-06 12:54:55.087 [info] Extension signature is verified: ms-toolsai.vscode-jupyter-slideshow
2023-04-06 12:54:55.145 [info] Extracted extension to /home/clmits/.vscode/extensions/.4d9c229f-f2b0-43ea-99c7-b379b1ba06fa: ms-toolsai.vscode-jupyter-slideshow
2023-04-06 12:54:55.262 [info] Renamed to /home/clmits/.vscode/extensions/ms-toolsai.jupyter-2023.3.1000892223
2023-04-06 12:54:55.283 [info] Renamed to /home/clmits/.vscode/extensions/ms-toolsai.vscode-jupyter-slideshow-0.1.5
2023-04-06 12:54:55.319 [info] Extracting extension completed. ms-toolsai.jupyter
2023-04-06 12:54:55.326 [info] Extracting extension completed. ms-toolsai.vscode-jupyter-slideshow
2023-04-06 13:02:32.779 [info] Extension signature is verified: ms-python.python
2023-04-06 13:02:38.542 [info] Extracted extension to /home/clmits/.vscode/extensions/.3f4017c2-04e4-4d76-a9bd-5ff342df1b36: ms-python.python
2023-04-06 13:02:39.078 [info] Renamed to /home/clmits/.vscode/extensions/ms-python.python-2023.6.0
2023-04-06 13:02:39.108 [info] Extracting extension completed. ms-python.python
2023-04-06 13:08:48.802 [info] Extension signature is verified: ms-python.vscode-pylance
2023-04-06 13:08:58.077 [info] Extracted extension to /home/clmits/.vscode/extensions/.cbb73776-8af5-4665-9d7c-cd15fe49f305: ms-python.vscode-pylance
2023-04-06 13:08:58.132 [info] Renamed to /home/clmits/.vscode/extensions/ms-python.vscode-pylance-2023.4.10
2023-04-06 13:08:58.137 [info] Extracting extension completed. ms-python.vscode-pylance
2023-04-06 13:08:58.161 [info] Extension installed successfully: ms-toolsai.jupyter-keymap
2023-04-06 13:08:58.162 [info] Extension installed successfully: ms-toolsai.vscode-jupyter-cell-tags
2023-04-06 13:08:58.163 [info] Extension installed successfully: ms-toolsai.jupyter-renderers
2023-04-06 13:08:58.163 [info] Extension installed successfully: ms-toolsai.jupyter
2023-04-06 13:08:58.163 [info] Extension installed successfully: ms-toolsai.vscode-jupyter-slideshow
2023-04-06 13:08:58.163 [info] Extension installed successfully: ms-python.python
2023-04-06 13:08:58.163 [info] Extension installed successfully: ms-python.vscode-pylance
