2023-04-06 16:40:46.831 [info] Log level: Info
2023-04-06 16:40:46.831 [info] Validating found git in: "git"
2023-04-06 16:40:46.831 [info] Using git "2.30.2" from "git"
2023-04-06 16:40:46.831 [info] > git rev-parse --show-toplevel [16ms]
2023-04-06 16:40:46.831 [info] fatal: not a git repository (or any of the parent directories): .git
2023-04-06 16:40:46.831 [info] > git rev-parse --show-toplevel [68ms]
2023-04-06 16:40:46.831 [info] fatal: not a git repository (or any of the parent directories): .git
2023-04-06 16:40:46.831 [info] > git rev-parse --show-toplevel [33ms]
2023-04-06 16:40:46.831 [info] fatal: not a git repository (or any of the parent directories): .git
2023-04-06 16:40:46.835 [info] > git rev-parse --show-toplevel [4ms]
2023-04-06 16:40:46.835 [info] fatal: not a git repository (or any of the parent directories): .git
2023-04-06 16:40:46.835 [info] > git rev-parse --show-toplevel [25ms]
2023-04-06 16:40:46.835 [info] fatal: not a git repository (or any of the parent directories): .git
2023-04-06 16:40:46.863 [info] > git rev-parse --show-toplevel [10ms]
2023-04-06 16:40:46.863 [info] fatal: not a git repository (or any of the parent directories): .git
2023-04-06 16:41:14.135 [info] > git rev-parse --show-toplevel [3ms]
2023-04-06 16:41:14.135 [info] fatal: not a git repository (or any of the parent directories): .git
2023-04-06 16:41:36.402 [info] > git rev-parse --show-toplevel [2ms]
2023-04-06 16:41:36.402 [info] fatal: not a git repository (or any of the parent directories): .git
2023-04-06 16:41:54.117 [info] > git rev-parse --show-toplevel [3ms]
2023-04-06 16:41:54.117 [info] fatal: not a git repository (or any of the parent directories): .git
2023-04-06 16:41:54.661 [info] > git rev-parse --show-toplevel [3ms]
2023-04-06 16:41:54.661 [info] fatal: not a git repository (or any of the parent directories): .git
2023-04-06 16:41:56.052 [info] > git rev-parse --show-toplevel [8ms]
2023-04-06 16:41:56.052 [info] fatal: not a git repository (or any of the parent directories): .git
2023-04-06 16:41:56.481 [info] > git rev-parse --show-toplevel [3ms]
2023-04-06 16:41:56.481 [info] fatal: not a git repository (or any of the parent directories): .git
2023-04-06 16:41:57.809 [info] > git rev-parse --show-toplevel [7ms]
2023-04-06 16:41:57.809 [info] fatal: not a git repository (or any of the parent directories): .git
2023-04-06 16:42:17.064 [info] > git rev-parse --show-toplevel [6ms]
2023-04-06 16:42:17.064 [info] fatal: not a git repository (or any of the parent directories): .git
2023-04-06 16:43:25.684 [info] > git rev-parse --show-toplevel [2ms]
2023-04-06 16:43:25.684 [info] fatal: not a git repository (or any of the parent directories): .git
2023-04-06 16:43:57.812 [info] > git rev-parse --show-toplevel [4ms]
2023-04-06 16:43:57.812 [info] fatal: not a git repository (or any of the parent directories): .git
2023-04-06 16:44:23.053 [info] > git rev-parse --show-toplevel [1ms]
2023-04-06 16:44:23.053 [info] fatal: not a git repository (or any of the parent directories): .git
2023-04-06 16:44:37.542 [info] > git rev-parse --show-toplevel [3ms]
2023-04-06 16:44:37.542 [info] fatal: not a git repository (or any of the parent directories): .git
2023-04-06 16:44:44.398 [info] > git rev-parse --show-toplevel [2ms]
2023-04-06 16:44:44.398 [info] fatal: not a git repository (or any of the parent directories): .git
2023-04-06 16:45:20.222 [info] > git rev-parse --show-toplevel [2ms]
2023-04-06 16:45:20.222 [info] fatal: not a git repository (or any of the parent directories): .git
2023-04-06 16:45:33.180 [info] > git rev-parse --show-toplevel [2ms]
2023-04-06 16:45:33.180 [info] fatal: not a git repository (or any of the parent directories): .git
2023-04-06 16:47:53.002 [info] > git rev-parse --show-toplevel [3ms]
2023-04-06 16:47:53.002 [info] fatal: not a git repository (or any of the parent directories): .git
2023-04-06 16:49:15.992 [info] > git rev-parse --show-toplevel [5ms]
2023-04-06 16:49:15.992 [info] fatal: not a git repository (or any of the parent directories): .git
2023-04-06 16:49:20.518 [info] > git rev-parse --show-toplevel [1ms]
2023-04-06 16:49:20.519 [info] fatal: not a git repository (or any of the parent directories): .git
2023-04-06 16:49:22.480 [info] > git rev-parse --show-toplevel [2ms]
2023-04-06 16:49:22.480 [info] fatal: not a git repository (or any of the parent directories): .git
2023-04-06 16:49:41.220 [info] > git rev-parse --show-toplevel [1ms]
2023-04-06 16:49:41.220 [info] fatal: not a git repository (or any of the parent directories): .git
2023-04-06 16:54:37.270 [info] > git rev-parse --show-toplevel [2ms]
2023-04-06 16:54:37.271 [info] fatal: not a git repository (or any of the parent directories): .git
2023-04-06 16:55:24.498 [info] > git rev-parse --show-toplevel [5ms]
2023-04-06 16:55:24.498 [info] fatal: not a git repository (or any of the parent directories): .git
2023-04-06 16:56:10.813 [info] > git rev-parse --show-toplevel [2ms]
2023-04-06 16:56:10.813 [info] fatal: not a git repository (or any of the parent directories): .git
2023-04-06 16:56:22.006 [info] > git rev-parse --show-toplevel [7ms]
2023-04-06 16:56:22.006 [info] fatal: not a git repository (or any of the parent directories): .git
2023-04-06 17:02:18.810 [info] > git rev-parse --show-toplevel [17ms]
2023-04-06 17:02:18.810 [info] fatal: not a git repository (or any of the parent directories): .git
2023-04-06 17:06:49.173 [info] > git rev-parse --show-toplevel [2ms]
2023-04-06 17:06:49.173 [info] fatal: not a git repository (or any of the parent directories): .git
2023-04-06 17:07:18.798 [info] > git rev-parse --show-toplevel [1ms]
2023-04-06 17:07:18.798 [info] fatal: not a git repository (or any of the parent directories): .git
2023-04-06 17:07:43.866 [info] > git rev-parse --show-toplevel [1ms]
2023-04-06 17:07:43.866 [info] fatal: not a git repository (or any of the parent directories): .git
2023-04-06 17:09:12.554 [info] > git rev-parse --show-toplevel [3ms]
2023-04-06 17:09:12.554 [info] fatal: not a git repository (or any of the parent directories): .git
2023-04-06 17:11:28.715 [info] > git rev-parse --show-toplevel [2ms]
2023-04-06 17:11:28.715 [info] fatal: not a git repository (or any of the parent directories): .git
2023-04-06 17:11:45.255 [info] > git rev-parse --show-toplevel [3ms]
2023-04-06 17:11:45.255 [info] fatal: not a git repository (or any of the parent directories): .git
2023-04-06 17:11:46.614 [info] > git rev-parse --show-toplevel [4ms]
2023-04-06 17:11:46.614 [info] fatal: not a git repository (or any of the parent directories): .git
2023-04-06 17:13:05.752 [info] > git rev-parse --show-toplevel [5ms]
2023-04-06 17:13:05.752 [info] fatal: not a git repository (or any of the parent directories): .git
2023-04-06 17:18:18.645 [info] > git rev-parse --show-toplevel [2ms]
2023-04-06 17:18:18.645 [info] fatal: not a git repository (or any of the parent directories): .git
2023-04-06 17:32:11.183 [info] > git rev-parse --show-toplevel [2ms]
2023-04-06 17:32:11.184 [info] fatal: not a git repository (or any of the parent directories): .git
2023-04-06 17:34:29.981 [info] > git rev-parse --show-toplevel [2ms]
2023-04-06 17:34:29.981 [info] fatal: not a git repository (or any of the parent directories): .git
2023-04-06 17:34:40.351 [info] > git rev-parse --show-toplevel [3ms]
2023-04-06 17:34:40.351 [info] fatal: not a git repository (or any of the parent directories): .git
2023-04-06 17:34:41.811 [info] > git rev-parse --show-toplevel [2ms]
2023-04-06 17:34:41.811 [info] fatal: not a git repository (or any of the parent directories): .git
2023-04-06 17:37:45.325 [info] Log level: Info
2023-04-06 17:37:45.325 [info] Validating found git in: "git"
2023-04-06 17:37:45.325 [info] Using git "2.30.2" from "git"
2023-04-06 17:37:45.325 [info] > git rev-parse --show-toplevel [5ms]
2023-04-06 17:37:45.325 [info] > git rev-parse --git-dir --git-common-dir [27ms]
2023-04-06 17:37:45.325 [info] Open repository: /home/clmits/API_CLMITS
2023-04-06 17:37:45.325 [info] > git config --get commit.template [6ms]
2023-04-06 17:37:45.338 [info] > git for-each-ref --format=%(refname)%00%(upstream:short)%00%(objectname)%00%(upstream:track)%00%(upstream:remotename)%00%(upstream:remoteref) refs/heads/master refs/remotes/master [4ms]
2023-04-06 17:37:45.349 [info] > git status -z -uall [3ms]
2023-04-06 17:37:45.381 [info] > git config --get commit.template [5ms]
2023-04-06 17:37:45.395 [info] > git for-each-ref --format=%(refname)%00%(upstream:short)%00%(objectname)%00%(upstream:track)%00%(upstream:remotename)%00%(upstream:remoteref) refs/heads/master refs/remotes/master [3ms]
2023-04-06 17:37:45.410 [info] > git status -z -uall [0ms]
2023-04-06 17:37:45.860 [info] > git check-ignore -v -z --stdin [17ms]
2023-04-06 17:38:13.335 [info] > git rev-parse --show-toplevel [64ms]
2023-04-06 17:38:13.335 [info] fatal: not a git repository (or any of the parent directories): .git
2023-04-06 17:38:15.366 [info] Log level: Info
2023-04-06 17:38:15.366 [info] Validating found git in: "git"
2023-04-06 17:38:15.366 [info] Using git "2.30.2" from "git"
2023-04-06 17:38:15.372 [info] > git rev-parse --show-toplevel [7ms]
2023-04-06 17:38:15.413 [info] > git rev-parse --git-dir --git-common-dir [23ms]
2023-04-06 17:38:15.428 [info] Open repository: /home/clmits/API_CLMITS
2023-04-06 17:38:15.477 [info] > git rev-parse --show-toplevel [37ms]
2023-04-06 17:38:15.477 [info] fatal: not a git repository (or any of the parent directories): .git
2023-04-06 17:38:15.493 [info] > git rev-parse --show-toplevel [7ms]
2023-04-06 17:38:15.493 [info] fatal: not a git repository (or any of the parent directories): .git
2023-04-06 17:38:15.502 [info] > git config --get commit.template [43ms]
2023-04-06 17:38:15.505 [info] > git rev-parse --show-toplevel [4ms]
2023-04-06 17:38:15.505 [info] fatal: not a git repository (or any of the parent directories): .git
2023-04-06 17:38:15.526 [info] > git rev-parse --show-toplevel [13ms]
2023-04-06 17:38:15.526 [info] fatal: not a git repository (or any of the parent directories): .git
2023-04-06 17:38:15.528 [info] > git for-each-ref --format=%(refname)%00%(upstream:short)%00%(objectname)%00%(upstream:track)%00%(upstream:remotename)%00%(upstream:remoteref) refs/heads/master refs/remotes/master [5ms]
2023-04-06 17:38:15.559 [info] > git status -z -uall [6ms]
2023-04-06 17:38:15.595 [info] > git config --get commit.template [17ms]
2023-04-06 17:38:15.596 [info] > git for-each-ref --format=%(refname)%00%(upstream:short)%00%(objectname)%00%(upstream:track)%00%(upstream:remotename)%00%(upstream:remoteref) refs/heads/master refs/remotes/master [3ms]
2023-04-06 17:38:15.606 [info] > git status -z -uall [2ms]
2023-04-06 17:38:16.052 [info] > git check-ignore -v -z --stdin [19ms]
2023-04-06 17:38:55.932 [info] > git show --textconv :api_training.py [79ms]
2023-04-06 17:38:55.934 [info] > git ls-files --stage -- /home/clmits/API_CLMITS/api_training.py [65ms]
2023-04-06 17:38:55.979 [info] > git cat-file -s 0d78c00ead19e051dee19a9036f151585e8e5170 [31ms]
2023-04-06 17:39:10.121 [info] > git config --get commit.template [11ms]
2023-04-06 17:39:10.143 [info] > git for-each-ref --format=%(refname)%00%(upstream:short)%00%(objectname)%00%(upstream:track)%00%(upstream:remotename)%00%(upstream:remoteref) refs/heads/master refs/remotes/master [5ms]
2023-04-06 17:39:10.184 [info] > git status -z -uall [8ms]
2023-04-06 17:39:26.692 [info] > git config --get commit.template [62ms]
2023-04-06 17:39:26.694 [info] > git for-each-ref --format=%(refname)%00%(upstream:short)%00%(objectname)%00%(upstream:track)%00%(upstream:remotename)%00%(upstream:remoteref) refs/heads/master refs/remotes/master [24ms]
2023-04-06 17:39:26.734 [info] > git status -z -uall [9ms]
2023-04-06 17:39:59.593 [info] > git config --get commit.template [3ms]
2023-04-06 17:39:59.603 [info] > git for-each-ref --format=%(refname)%00%(upstream:short)%00%(objectname)%00%(upstream:track)%00%(upstream:remotename)%00%(upstream:remoteref) refs/heads/master refs/remotes/master [2ms]
2023-04-06 17:39:59.613 [info] > git status -z -uall [3ms]
2023-04-06 17:41:21.695 [info] > git config --get commit.template [13ms]
2023-04-06 17:41:21.695 [info] > git for-each-ref --format=%(refname)%00%(upstream:short)%00%(objectname)%00%(upstream:track)%00%(upstream:remotename)%00%(upstream:remoteref) refs/heads/master refs/remotes/master [5ms]
2023-04-06 17:41:21.714 [info] > git status -z -uall [8ms]
2023-04-06 17:41:26.773 [info] > git for-each-ref --format=%(refname)%00%(upstream:short)%00%(objectname)%00%(upstream:track)%00%(upstream:remotename)%00%(upstream:remoteref) refs/heads/master refs/remotes/master [2ms]
2023-04-06 17:41:26.774 [info] > git config --get commit.template [16ms]
2023-04-06 17:41:26.783 [info] > git status -z -uall [2ms]
2023-04-06 17:41:33.469 [info] > git config --get commit.template [28ms]
2023-04-06 17:41:33.471 [info] > git for-each-ref --format=%(refname)%00%(upstream:short)%00%(objectname)%00%(upstream:track)%00%(upstream:remotename)%00%(upstream:remoteref) refs/heads/master refs/remotes/master [7ms]
2023-04-06 17:41:33.498 [info] > git status -z -uall [7ms]
2023-04-06 17:41:51.429 [info] > git for-each-ref --format=%(refname)%00%(upstream:short)%00%(objectname)%00%(upstream:track)%00%(upstream:remotename)%00%(upstream:remoteref) refs/heads/master refs/remotes/master [66ms]
2023-04-06 17:41:51.430 [info] > git config --get commit.template [94ms]
2023-04-06 17:41:51.441 [info] > git status -z -uall [2ms]
2023-04-06 17:42:04.542 [info] > git config --get commit.template [11ms]
2023-04-06 17:42:04.575 [info] > git for-each-ref --format=%(refname)%00%(upstream:short)%00%(objectname)%00%(upstream:track)%00%(upstream:remotename)%00%(upstream:remoteref) refs/heads/master refs/remotes/master [15ms]
2023-04-06 17:42:04.587 [info] > git status -z -uall [3ms]
2023-04-06 17:42:09.630 [info] > git config --get commit.template [7ms]
2023-04-06 17:42:09.666 [info] > git for-each-ref --format=%(refname)%00%(upstream:short)%00%(objectname)%00%(upstream:track)%00%(upstream:remotename)%00%(upstream:remoteref) refs/heads/master refs/remotes/master [15ms]
2023-04-06 17:42:09.696 [info] > git status -z -uall [8ms]
2023-04-06 17:42:38.191 [info] > git rev-parse --show-toplevel [6ms]
2023-04-06 17:42:38.191 [info] fatal: not a git repository (or any of the parent directories): .git
2023-04-06 17:55:00.004 [info] > git config --get commit.template [2ms]
2023-04-06 17:55:00.030 [info] > git for-each-ref --format=%(refname)%00%(upstream:short)%00%(objectname)%00%(upstream:track)%00%(upstream:remotename)%00%(upstream:remoteref) refs/heads/master refs/remotes/master [3ms]
2023-04-06 17:55:00.048 [info] > git status -z -uall [2ms]
2023-04-06 17:55:14.192 [info] > git config --get commit.template [15ms]
2023-04-06 17:55:14.193 [info] > git for-each-ref --format=%(refname)%00%(upstream:short)%00%(objectname)%00%(upstream:track)%00%(upstream:remotename)%00%(upstream:remoteref) refs/heads/master refs/remotes/master [3ms]
2023-04-06 17:55:14.210 [info] > git status -z -uall [1ms]
2023-04-06 17:55:47.909 [info] > git config --get commit.template [15ms]
2023-04-06 17:55:47.910 [info] > git for-each-ref --format=%(refname)%00%(upstream:short)%00%(objectname)%00%(upstream:track)%00%(upstream:remotename)%00%(upstream:remoteref) refs/heads/master refs/remotes/master [2ms]
2023-04-06 17:55:47.921 [info] > git status -z -uall [2ms]
2023-04-06 17:56:52.919 [info] > git config --get commit.template [5ms]
2023-04-06 17:56:52.968 [info] > git for-each-ref --format=%(refname)%00%(upstream:short)%00%(objectname)%00%(upstream:track)%00%(upstream:remotename)%00%(upstream:remoteref) refs/heads/master refs/remotes/master [11ms]
2023-04-06 17:56:53.006 [info] > git status -z -uall [5ms]
2023-04-06 17:57:12.561 [info] > git config --get commit.template [4ms]
2023-04-06 17:57:12.581 [info] > git for-each-ref --format=%(refname)%00%(upstream:short)%00%(objectname)%00%(upstream:track)%00%(upstream:remotename)%00%(upstream:remoteref) refs/heads/master refs/remotes/master [3ms]
2023-04-06 17:57:12.598 [info] > git status -z -uall [3ms]
2023-04-06 17:57:42.208 [info] > git config --get commit.template [34ms]
2023-04-06 17:57:42.216 [info] > git for-each-ref --format=%(refname)%00%(upstream:short)%00%(objectname)%00%(upstream:track)%00%(upstream:remotename)%00%(upstream:remoteref) refs/heads/master refs/remotes/master [11ms]
2023-04-06 17:57:42.270 [info] > git status -z -uall [8ms]
2023-04-06 17:59:06.206 [info] > git rev-parse --show-toplevel [6ms]
2023-04-06 17:59:06.207 [info] fatal: not a git repository (or any of the parent directories): .git
2023-04-06 17:59:19.299 [info] > git rev-parse --show-toplevel [3ms]
2023-04-06 17:59:19.299 [info] fatal: not a git repository (or any of the parent directories): .git
2023-04-06 18:00:08.197 [info] > git rev-parse --show-toplevel [3ms]
2023-04-06 18:00:08.197 [info] fatal: not a git repository (or any of the parent directories): .git
2023-04-06 18:00:43.811 [info] > git rev-parse --show-toplevel [4ms]
2023-04-06 18:00:43.811 [info] fatal: not a git repository (or any of the parent directories): .git
2023-04-06 18:01:13.993 [info] > git rev-parse --show-toplevel [6ms]
2023-04-06 18:01:13.993 [info] fatal: not a git repository (or any of the parent directories): .git
2023-04-06 18:01:21.454 [info] > git rev-parse --show-toplevel [3ms]
2023-04-06 18:01:21.454 [info] fatal: not a git repository (or any of the parent directories): .git
2023-04-06 18:07:34.253 [info] > git rev-parse --show-toplevel [5ms]
2023-04-06 18:07:34.253 [info] fatal: not a git repository (or any of the parent directories): .git
2023-04-06 18:07:50.645 [info] > git rev-parse --show-toplevel [4ms]
2023-04-06 18:07:50.645 [info] fatal: not a git repository (or any of the parent directories): .git
2023-04-06 18:10:22.603 [info] > git config --get commit.template [13ms]
2023-04-06 18:10:22.604 [info] > git for-each-ref --format=%(refname)%00%(upstream:short)%00%(objectname)%00%(upstream:track)%00%(upstream:remotename)%00%(upstream:remoteref) refs/heads/master refs/remotes/master [2ms]
2023-04-06 18:10:22.616 [info] > git status -z -uall [2ms]
2023-04-06 18:10:35.152 [info] > git config --get commit.template [11ms]
2023-04-06 18:10:35.153 [info] > git for-each-ref --format=%(refname)%00%(upstream:short)%00%(objectname)%00%(upstream:track)%00%(upstream:remotename)%00%(upstream:remoteref) refs/heads/master refs/remotes/master [2ms]
2023-04-06 18:10:35.164 [info] > git status -z -uall [2ms]
2023-04-06 18:10:46.182 [info] > git config --get commit.template [36ms]
2023-04-06 18:10:46.188 [info] > git for-each-ref --format=%(refname)%00%(upstream:short)%00%(objectname)%00%(upstream:track)%00%(upstream:remotename)%00%(upstream:remoteref) refs/heads/master refs/remotes/master [9ms]
2023-04-06 18:10:46.238 [info] > git status -z -uall [9ms]
2023-04-06 18:11:55.024 [info] > git config --get commit.template [6ms]
2023-04-06 18:11:55.046 [info] > git for-each-ref --format=%(refname)%00%(upstream:short)%00%(objectname)%00%(upstream:track)%00%(upstream:remotename)%00%(upstream:remoteref) refs/heads/master refs/remotes/master [5ms]
2023-04-06 18:11:55.064 [info] > git status -z -uall [7ms]
2023-04-06 18:15:08.487 [info] > git rev-parse --show-toplevel [5ms]
2023-04-06 18:15:08.487 [info] fatal: not a git repository (or any of the parent directories): .git
2023-04-06 18:17:00.064 [info] > git rev-parse --show-toplevel [2ms]
2023-04-06 18:17:00.064 [info] fatal: not a git repository (or any of the parent directories): .git
2023-04-06 18:20:52.445 [info] > git rev-parse --show-toplevel [3ms]
2023-04-06 18:20:52.445 [info] fatal: not a git repository (or any of the parent directories): .git
2023-04-06 18:22:16.487 [info] > git config --get commit.template [1ms]
2023-04-06 18:22:16.504 [info] > git for-each-ref --format=%(refname)%00%(upstream:short)%00%(objectname)%00%(upstream:track)%00%(upstream:remotename)%00%(upstream:remoteref) refs/heads/master refs/remotes/master [2ms]
2023-04-06 18:22:16.517 [info] > git status -z -uall [3ms]
2023-04-06 18:22:39.057 [info] > git config --get commit.template [1ms]
2023-04-06 18:22:39.071 [info] > git for-each-ref --format=%(refname)%00%(upstream:short)%00%(objectname)%00%(upstream:track)%00%(upstream:remotename)%00%(upstream:remoteref) refs/heads/master refs/remotes/master [2ms]
2023-04-06 18:22:39.083 [info] > git status -z -uall [2ms]
2023-04-06 18:23:05.010 [info] > git config --get commit.template [13ms]
2023-04-06 18:23:05.011 [info] > git for-each-ref --format=%(refname)%00%(upstream:short)%00%(objectname)%00%(upstream:track)%00%(upstream:remotename)%00%(upstream:remoteref) refs/heads/master refs/remotes/master [2ms]
2023-04-06 18:23:05.022 [info] > git status -z -uall [2ms]
2023-04-06 18:23:16.576 [info] > git config --get commit.template [13ms]
2023-04-06 18:23:16.577 [info] > git for-each-ref --format=%(refname)%00%(upstream:short)%00%(objectname)%00%(upstream:track)%00%(upstream:remotename)%00%(upstream:remoteref) refs/heads/master refs/remotes/master [2ms]
2023-04-06 18:23:16.590 [info] > git status -z -uall [3ms]
2023-04-06 18:23:21.636 [info] > git for-each-ref --format=%(refname)%00%(upstream:short)%00%(objectname)%00%(upstream:track)%00%(upstream:remotename)%00%(upstream:remoteref) refs/heads/master refs/remotes/master [6ms]
2023-04-06 18:23:21.636 [info] > git config --get commit.template [26ms]
2023-04-06 18:23:21.650 [info] > git status -z -uall [4ms]
2023-04-06 18:23:27.314 [info] > git config --get commit.template [12ms]
2023-04-06 18:23:27.314 [info] > git for-each-ref --format=%(refname)%00%(upstream:short)%00%(objectname)%00%(upstream:track)%00%(upstream:remotename)%00%(upstream:remoteref) refs/heads/master refs/remotes/master [1ms]
2023-04-06 18:23:27.326 [info] > git status -z -uall [2ms]
2023-04-06 18:23:32.378 [info] > git config --get commit.template [13ms]
2023-04-06 18:23:32.390 [info] > git for-each-ref --format=%(refname)%00%(upstream:short)%00%(objectname)%00%(upstream:track)%00%(upstream:remotename)%00%(upstream:remoteref) refs/heads/master refs/remotes/master [2ms]
2023-04-06 18:23:32.413 [info] > git status -z -uall [2ms]
2023-04-06 18:24:39.734 [info] > git config --get commit.template [3ms]
2023-04-06 18:24:39.751 [info] > git for-each-ref --format=%(refname)%00%(upstream:short)%00%(objectname)%00%(upstream:track)%00%(upstream:remotename)%00%(upstream:remoteref) refs/heads/master refs/remotes/master [3ms]
2023-04-06 18:24:39.763 [info] > git status -z -uall [3ms]
2023-04-06 18:24:45.894 [info] > git rev-parse --show-toplevel [7ms]
2023-04-06 18:24:45.895 [info] fatal: not a git repository (or any of the parent directories): .git
2023-04-06 18:24:46.593 [info] > git config --get commit.template [39ms]
2023-04-06 18:24:46.595 [info] > git for-each-ref --format=%(refname)%00%(upstream:short)%00%(objectname)%00%(upstream:track)%00%(upstream:remotename)%00%(upstream:remoteref) refs/heads/master refs/remotes/master [6ms]
2023-04-06 18:24:46.616 [info] > git status -z -uall [5ms]
2023-04-06 18:29:19.994 [info] > git rev-parse --show-toplevel [12ms]
2023-04-06 18:29:19.994 [info] fatal: not a git repository (or any of the parent directories): .git
2023-04-06 18:31:00.235 [info] > git rev-parse --show-toplevel [3ms]
2023-04-06 18:31:00.235 [info] fatal: not a git repository (or any of the parent directories): .git
2023-04-06 18:31:44.263 [info] > git rev-parse --show-toplevel [4ms]
2023-04-06 18:31:44.263 [info] fatal: not a git repository (or any of the parent directories): .git
2023-04-06 18:33:30.157 [info] > git rev-parse --show-toplevel [3ms]
2023-04-06 18:33:30.157 [info] fatal: not a git repository (or any of the parent directories): .git
2023-04-06 18:33:32.996 [info] > git rev-parse --show-toplevel [3ms]
2023-04-06 18:33:32.996 [info] fatal: not a git repository (or any of the parent directories): .git
2023-04-06 18:33:47.095 [info] > git rev-parse --show-toplevel [2ms]
2023-04-06 18:33:47.095 [info] fatal: not a git repository (or any of the parent directories): .git
2023-04-06 18:33:48.390 [info] > git rev-parse --show-toplevel [3ms]
2023-04-06 18:33:48.390 [info] fatal: not a git repository (or any of the parent directories): .git
2023-04-06 18:33:52.711 [info] > git rev-parse --show-toplevel [3ms]
2023-04-06 18:33:52.713 [info] fatal: not a git repository (or any of the parent directories): .git
2023-04-06 18:34:11.337 [info] > git rev-parse --show-toplevel [4ms]
2023-04-06 18:34:11.337 [info] fatal: not a git repository (or any of the parent directories): .git
2023-04-06 18:34:12.225 [info] > git rev-parse --show-toplevel [3ms]
2023-04-06 18:34:12.225 [info] fatal: not a git repository (or any of the parent directories): .git
2023-04-06 18:34:13.751 [info] > git rev-parse --show-toplevel [5ms]
2023-04-06 18:34:13.751 [info] fatal: not a git repository (or any of the parent directories): .git
2023-04-06 18:34:15.200 [info] > git rev-parse --show-toplevel [2ms]
2023-04-06 18:34:15.200 [info] fatal: not a git repository (or any of the parent directories): .git
2023-04-06 18:34:20.088 [info] > git rev-parse --show-toplevel [2ms]
2023-04-06 18:34:20.088 [info] fatal: not a git repository (or any of the parent directories): .git
2023-04-06 18:34:33.950 [info] > git rev-parse --show-toplevel [6ms]
2023-04-06 18:34:33.951 [info] fatal: not a git repository (or any of the parent directories): .git
2023-04-06 18:35:10.210 [info] > git rev-parse --show-toplevel [2ms]
2023-04-06 18:35:10.210 [info] fatal: not a git repository (or any of the parent directories): .git
2023-04-06 18:35:11.327 [info] > git rev-parse --show-toplevel [3ms]
2023-04-06 18:35:11.327 [info] fatal: not a git repository (or any of the parent directories): .git
2023-04-06 18:35:14.482 [info] > git rev-parse --show-toplevel [15ms]
2023-04-06 18:35:14.482 [info] fatal: not a git repository (or any of the parent directories): .git
2023-04-06 18:35:14.851 [info] > git rev-parse --show-toplevel [6ms]
2023-04-06 18:35:14.851 [info] fatal: not a git repository (or any of the parent directories): .git
2023-04-06 18:36:09.599 [info] > git rev-parse --show-toplevel [2ms]
2023-04-06 18:36:09.599 [info] fatal: not a git repository (or any of the parent directories): .git
2023-04-06 18:36:38.224 [info] > git rev-parse --show-toplevel [2ms]
2023-04-06 18:36:38.224 [info] fatal: not a git repository (or any of the parent directories): .git
2023-04-06 18:36:59.577 [info] > git rev-parse --show-toplevel [4ms]
2023-04-06 18:36:59.577 [info] fatal: not a git repository (or any of the parent directories): .git
2023-04-06 18:39:21.100 [info] Log level: Info
2023-04-06 18:39:21.100 [info] Validating found git in: "git"
2023-04-06 18:39:21.100 [info] Using git "2.30.2" from "git"
2023-04-06 18:39:21.107 [info] > git rev-parse --show-toplevel [75ms]
2023-04-06 18:39:21.107 [info] fatal: not a git repository (or any of the parent directories): .git
2023-04-06 18:39:21.202 [info] > git rev-parse --show-toplevel [61ms]
2023-04-06 18:39:21.202 [info] fatal: not a git repository (or any of the parent directories): .git
2023-04-06 18:39:21.355 [info] > git rev-parse --show-toplevel [135ms]
2023-04-06 18:39:21.355 [info] fatal: not a git repository (or any of the parent directories): .git
2023-04-06 18:39:21.420 [info] > git rev-parse --show-toplevel [51ms]
2023-04-06 18:39:21.420 [info] fatal: not a git repository (or any of the parent directories): .git
2023-04-06 18:39:21.462 [info] > git rev-parse --show-toplevel [28ms]
2023-04-06 18:39:21.462 [info] fatal: not a git repository (or any of the parent directories): .git
2023-04-06 18:39:39.993 [info] > git rev-parse --show-toplevel [7ms]
2023-04-06 18:39:39.993 [info] fatal: not a git repository (or any of the parent directories): .git
2023-04-06 18:39:40.445 [info] > git rev-parse --show-toplevel [6ms]
2023-04-06 18:39:40.445 [info] fatal: not a git repository (or any of the parent directories): .git
2023-04-06 18:43:58.269 [info] > git rev-parse --show-toplevel [4ms]
2023-04-06 18:43:58.269 [info] fatal: not a git repository (or any of the parent directories): .git
2023-04-06 18:44:00.428 [info] > git rev-parse --show-toplevel [3ms]
2023-04-06 18:44:00.428 [info] fatal: not a git repository (or any of the parent directories): .git
2023-04-06 18:45:15.722 [info] > git rev-parse --show-toplevel [4ms]
2023-04-06 18:45:15.722 [info] fatal: not a git repository (or any of the parent directories): .git
2023-04-06 18:45:18.965 [info] > git rev-parse --show-toplevel [4ms]
2023-04-06 18:45:18.965 [info] fatal: not a git repository (or any of the parent directories): .git
2023-04-06 18:45:24.747 [info] > git rev-parse --show-toplevel [4ms]
2023-04-06 18:45:24.747 [info] fatal: not a git repository (or any of the parent directories): .git
2023-04-06 18:45:27.023 [info] > git rev-parse --show-toplevel [6ms]
2023-04-06 18:45:27.023 [info] fatal: not a git repository (or any of the parent directories): .git
2023-04-06 18:46:30.734 [info] > git rev-parse --show-toplevel [5ms]
2023-04-06 18:46:30.735 [info] fatal: not a git repository (or any of the parent directories): .git
2023-04-06 18:46:31.151 [info] > git rev-parse --show-toplevel [3ms]
2023-04-06 18:46:31.151 [info] fatal: not a git repository (or any of the parent directories): .git
2023-04-06 18:51:10.041 [info] > git rev-parse --show-toplevel [5ms]
2023-04-06 18:51:10.041 [info] fatal: not a git repository (or any of the parent directories): .git
2023-04-06 18:51:51.051 [info] > git rev-parse --show-toplevel [4ms]
2023-04-06 18:53:33.507 [info] > git rev-parse --show-toplevel [4ms]
2023-04-06 18:53:33.507 [info] fatal: not a git repository (or any of the parent directories): .git
2023-04-06 18:55:15.438 [info] > git rev-parse --show-toplevel [8ms]
2023-04-06 19:00:16.654 [info] > git rev-parse --show-toplevel [3ms]
2023-04-06 19:00:16.654 [info] fatal: not a git repository (or any of the parent directories): .git
2023-04-06 19:00:31.669 [info] > git rev-parse --show-toplevel [11ms]
2023-04-06 19:02:24.435 [info] > git rev-parse --show-toplevel [4ms]
2023-04-06 19:02:24.435 [info] fatal: not a git repository (or any of the parent directories): .git
2023-04-06 19:06:32.264 [info] > git rev-parse --show-toplevel [5ms]
2023-04-06 19:06:33.737 [info] > git rev-parse --show-toplevel [12ms]
2023-04-06 19:06:33.737 [info] fatal: not a git repository (or any of the parent directories): .git
2023-04-06 19:07:03.050 [info] > git rev-parse --show-toplevel [2ms]
2023-04-06 19:07:03.050 [info] fatal: not a git repository (or any of the parent directories): .git
2023-04-06 19:07:37.934 [info] > git rev-parse --show-toplevel [3ms]
2023-04-06 19:07:58.105 [info] > git rev-parse --show-toplevel [3ms]
2023-04-06 19:07:58.105 [info] fatal: not a git repository (or any of the parent directories): .git
2023-04-06 19:08:45.950 [info] > git rev-parse --show-toplevel [15ms]
2023-04-06 19:08:45.950 [info] fatal: not a git repository (or any of the parent directories): .git
2023-04-06 19:08:53.015 [info] > git rev-parse --show-toplevel [3ms]
2023-04-06 19:08:53.016 [info] fatal: not a git repository (or any of the parent directories): .git
2023-04-06 19:08:54.803 [info] > git rev-parse --show-toplevel [2ms]
2023-04-06 19:08:54.803 [info] fatal: not a git repository (or any of the parent directories): .git
2023-04-06 19:09:07.046 [info] > git rev-parse --show-toplevel [2ms]
2023-04-06 19:09:07.046 [info] fatal: not a git repository (or any of the parent directories): .git
2023-04-06 19:10:40.749 [info] > git rev-parse --show-toplevel [2ms]
2023-04-06 19:10:40.749 [info] fatal: not a git repository (or any of the parent directories): .git
2023-04-06 19:17:21.696 [info] > git rev-parse --show-toplevel [3ms]
2023-04-06 19:21:29.472 [info] > git rev-parse --show-toplevel [3ms]
2023-04-06 19:21:29.472 [info] fatal: not a git repository (or any of the parent directories): .git
2023-04-06 19:27:14.831 [info] > git rev-parse --show-toplevel [10ms]
2023-04-06 19:27:56.489 [info] > git rev-parse --show-toplevel [2ms]
2023-04-06 19:27:56.489 [info] fatal: not a git repository (or any of the parent directories): .git
2023-04-06 19:30:17.995 [info] > git rev-parse --show-toplevel [5ms]
2023-04-06 19:30:17.995 [info] fatal: not a git repository (or any of the parent directories): .git
2023-04-06 19:30:20.657 [info] > git rev-parse --show-toplevel [3ms]
2023-04-06 19:30:20.657 [info] fatal: not a git repository (or any of the parent directories): .git
2023-04-06 19:31:56.802 [info] > git rev-parse --show-toplevel [3ms]
2023-04-06 19:34:24.216 [info] > git rev-parse --show-toplevel [2ms]
2023-04-06 19:34:24.216 [info] fatal: not a git repository (or any of the parent directories): .git
2023-04-06 19:34:55.737 [info] > git rev-parse --show-toplevel [6ms]
2023-04-06 19:35:30.229 [info] > git rev-parse --show-toplevel [4ms]
2023-04-06 19:35:30.229 [info] fatal: not a git repository (or any of the parent directories): .git
2023-04-06 19:35:31.661 [info] > git rev-parse --show-toplevel [3ms]
2023-04-06 19:35:31.661 [info] fatal: not a git repository (or any of the parent directories): .git
2023-04-06 19:35:32.397 [info] > git rev-parse --show-toplevel [5ms]
2023-04-06 19:35:32.397 [info] fatal: not a git repository (or any of the parent directories): .git
2023-04-06 19:36:17.722 [info] > git rev-parse --show-toplevel [3ms]
