[Info  - 5:38:15 PM] (20762) Pylance language server 2023.4.10 (pyright d7616109) starting
[Info  - 5:38:15 PM] (20762) Server root directory: /home/clmits/.vscode/extensions/ms-python.vscode-pylance-2023.4.10/dist
[Info  - 5:38:15 PM] (20762) Starting service instance "API_CLMITS"
[Info  - 5:38:15 PM] (20762) Starting service instance "api_server"
[Info  - 5:38:15 PM] (20762) Auto-indent enabled
[Info  - 5:38:16 PM] (20762) Setting pythonPath for service "API_CLMITS": "/bin/python3"
[Warn  - 5:38:16 PM] (20762) stubPath /home/clmits/API_CLMITS/typings is not a valid directory.
[Info  - 5:38:16 PM] (20762) Assuming Python version 3.9
[Info  - 5:38:16 PM] (20762) Found 1 source file
[Info  - 5:38:16 PM] (20762) Setting pythonPath for service "api_server": "/bin/python3"
[Warn  - 5:38:16 PM] (20762) stubPath /home/clmits/api_server/typings is not a valid directory.
[Info  - 5:38:16 PM] (20762) Assuming Python version 3.9
[Info  - 5:38:16 PM] (20762) Auto-excluding /home/clmits/api_server
[Info  - 5:38:16 PM] (20762) No source files found.
[Info  - 5:38:16 PM] (20762) Background analysis(2) root directory: /home/clmits/.vscode/extensions/ms-python.vscode-pylance-2023.4.10/dist
[Info  - 5:38:16 PM] (20762) Background analysis(2) started
[Info  - 5:38:16 PM] (20762) Background analysis(1) root directory: /home/clmits/.vscode/extensions/ms-python.vscode-pylance-2023.4.10/dist
[Info  - 5:38:16 PM] (20762) Background analysis(1) started
[Info  - 5:38:56 PM] (20762) Indexer background runner(3) root directory: /home/clmits/.vscode/extensions/ms-python.vscode-pylance-2023.4.10/dist (index)
[Info  - 5:38:56 PM] (20762) Indexing(3) started
[Info  - 5:38:56 PM] (20762) scanned(3) 22 files over 1 exec env
[Info  - 5:38:57 PM] (20762) indexed(3) 11 files over 1 exec env
[Info  - 5:38:57 PM] (20762) Indexing finished(3).
