2023-04-06 12:54:11.434 [info] Added views:workbench.panel.markers.view in workbench.panel.markers
2023-04-06 12:54:11.434 [info] Added views:workbench.panel.output in workbench.panel.output
2023-04-06 12:54:11.434 [info] Added views:terminal in terminal
2023-04-06 12:54:11.434 [info] Added views:outline in workbench.view.explorer
2023-04-06 12:54:11.434 [info] Added views:workbench.scm in workbench.view.scm
2023-04-06 12:54:11.434 [info] Added views:workbench.view.search in workbench.view.search
2023-04-06 12:54:11.434 [info] Added views:timeline in workbench.view.explorer
2023-04-06 12:54:11.434 [info] Added views:workbench.explorer.emptyView in workbench.view.explorer
2023-04-06 12:54:12.051 [info] Added views:workbench.debug.variablesView,workbench.debug.watchExpressionsView,workbench.debug.callStackView,workbench.debug.breakPointsView in workbench.view.debug
2023-04-06 12:54:13.269 [info] Added views:workbench.panel.repl.view in workbench.panel.repl
2023-04-06 12:54:13.301 [info] Removed views:workbench.debug.breakPointsView,workbench.debug.callStackView,workbench.debug.watchExpressionsView,workbench.debug.variablesView from workbench.view.debug
2023-04-06 12:54:13.301 [info] Added views:workbench.debug.welcome in workbench.view.debug
2023-04-06 12:54:32.051 [info] Added views:workbench.views.extensions.installed,workbench.views.extensions.popular,extensions.recommendedList in workbench.view.extensions
2023-04-06 12:54:32.056 [info] Removed views:workbench.views.extensions.popular from workbench.view.extensions
2023-04-06 12:54:32.869 [info] Added views:workbench.views.extensions.popular in workbench.view.extensions
2023-04-06 12:54:35.694 [info] Removed views:extensions.recommendedList,workbench.views.extensions.popular,workbench.views.extensions.installed from workbench.view.extensions
2023-04-06 12:54:35.733 [info] Added views:workbench.views.extensions.marketplace in workbench.view.extensions
2023-04-06 12:56:44.612 [info] Added views:workbench.debug.breakPointsView in workbench.view.debug
2023-04-06 13:09:00.690 [info] Added views:workbench.view.testing in workbench.view.extension.test
2023-04-06 13:20:28.331 [info] Removed views:workbench.debug.welcome from workbench.view.debug
2023-04-06 13:20:28.333 [info] Added views:workbench.debug.variablesView,workbench.debug.watchExpressionsView,workbench.debug.callStackView in workbench.view.debug
2023-04-06 13:20:29.053 [info] Removed views:workbench.debug.callStackView,workbench.debug.watchExpressionsView,workbench.debug.variablesView from workbench.view.debug
2023-04-06 13:20:29.056 [info] Added views:workbench.debug.welcome in workbench.view.debug
2023-04-06 13:20:32.700 [info] Removed views:workbench.debug.welcome from workbench.view.debug
2023-04-06 13:20:32.705 [info] Added views:workbench.debug.variablesView,workbench.debug.watchExpressionsView,workbench.debug.callStackView in workbench.view.debug
2023-04-06 13:20:33.493 [info] Removed views:workbench.debug.callStackView,workbench.debug.watchExpressionsView,workbench.debug.variablesView from workbench.view.debug
2023-04-06 13:20:33.494 [info] Added views:workbench.debug.welcome in workbench.view.debug
2023-04-06 13:20:45.896 [info] Removed views:workbench.debug.welcome from workbench.view.debug
2023-04-06 13:20:45.900 [info] Added views:workbench.debug.variablesView,workbench.debug.watchExpressionsView,workbench.debug.callStackView in workbench.view.debug
2023-04-06 13:20:46.547 [info] Removed views:workbench.debug.callStackView,workbench.debug.watchExpressionsView,workbench.debug.variablesView from workbench.view.debug
2023-04-06 13:20:46.549 [info] Added views:workbench.debug.welcome in workbench.view.debug
2023-04-06 15:00:02.397 [info] Added views:references-view.tree in workbench.view.extension.references-view
2023-04-06 16:26:59.060 [info] Removed views:workbench.view.testing from workbench.view.extension.test
2023-04-06 16:27:00.193 [info] Added views:workbench.panel.markers.view in workbench.panel.markers
2023-04-06 16:27:00.193 [info] Added views:workbench.panel.output in workbench.panel.output
2023-04-06 16:27:00.193 [info] Added views:terminal in terminal
2023-04-06 16:27:00.193 [info] Added views:outline in workbench.view.explorer
2023-04-06 16:27:00.193 [info] Added views:workbench.scm in workbench.view.scm
2023-04-06 16:27:00.193 [info] Added views:workbench.view.search in workbench.view.search
2023-04-06 16:27:00.193 [info] Added views:timeline in workbench.view.explorer
2023-04-06 16:27:00.193 [info] Added views:workbench.explorer.fileView in workbench.view.explorer
2023-04-06 16:27:00.586 [info] Added views:workbench.debug.variablesView,workbench.debug.watchExpressionsView,workbench.debug.callStackView,workbench.debug.breakPointsView in workbench.view.debug
2023-04-06 16:27:01.424 [info] Added views:workbench.panel.repl.view in workbench.panel.repl
2023-04-06 16:27:01.433 [info] Removed views:workbench.debug.breakPointsView,workbench.debug.callStackView,workbench.debug.watchExpressionsView,workbench.debug.variablesView from workbench.view.debug
2023-04-06 16:27:01.434 [info] Added views:workbench.debug.welcome in workbench.view.debug
2023-04-06 16:27:12.814 [info] Added views:workbench.view.testing in workbench.view.extension.test
2023-04-06 16:40:19.816 [info] Removed views:workbench.view.testing from workbench.view.extension.test
